make all --print-data-base --no-builtin-variables --no-builtin-rules --question
make: *** No rule to make target 'all'.  Stop.

# GNU Make 4.3
# Built for x86_64-pc-linux-gnu
# Copyright (C) 1988-2020 Free Software Foundation, Inc.
# License GPLv3+: GNU GPL version 3 or later <http://gnu.org/licenses/gpl.html>
# This is free software: you are free to change and redistribute it.
# There is NO WARRANTY, to the extent permitted by law.

# Make data base, printed on Sun Jul 24 20:14:16 2022

# Variables

# environment
GDK_BACKEND = x11
# environment
LC_ALL = C
# environment
NO_AT_BRIDGE = 1
# environment
GTK_RC_FILES = /etc/gtk/gtkrc:/home/hyper/.gtkrc:/home/hyper/.config/gtkrc
# environment
LC_NAME = pl_PL.UTF-8
# environment
LC_NUMERIC = pl_PL.UTF-8
# environment
VSCODE_CWD = /home/hyper
# environment
LC_ADDRESS = pl_PL.UTF-8
# default
MAKE_COMMAND := make
# environment
GTK3_MODULES = xapp-gtk3-module
# automatic
@D = $(patsubst %/,%,$(dir $@))
# environment
VSCODE_HANDLES_UNCAUGHT_ERRORS = true
# default
.VARIABLES := 
# environment
PWD = /home/hyper/Dokumenty/octoprint-docker
# automatic
%D = $(patsubst %/,%,$(dir $%))
# environment
MAIL = /var/spool/mail/hyper
# environment
XDG_DATA_DIRS = /home/hyper/.local/share/flatpak/exports/share:/var/lib/flatpak/exports/share:/usr/local/share:/usr/share:/var/lib/snapd/desktop
# makefile (from 'Makefile', line 3)
octoprint_ref = $(shell ./scripts/version.sh "OctoPrint/OctoPrint")
# automatic
^D = $(patsubst %/,%,$(dir $^))
# makefile (from 'Makefile', line 1)
builddir = .build
# automatic
%F = $(notdir $%)
# environment
VSCODE_CODE_CACHE_PATH = /home/hyper/.config/Code/CachedData/3b889b090b5ad5793f524b5d1d39fda662b96a2a
# environment
XDG_SESSION_PATH = /org/freedesktop/DisplayManager/Session1
# environment
LANG = C
# environment
XAUTHORITY = /home/hyper/.Xauthority
# default
.LOADED := 
# default
.INCLUDE_DIRS = /usr/include /usr/local/include /usr/include
# makefile
MAKEFLAGS = pqrR
# makefile
CURDIR := /home/hyper/Dokumenty/octoprint-docker
# environment
APPLICATION_INSIGHTS_NO_DIAGNOSTIC_CHANNEL = 1
# automatic
*D = $(patsubst %/,%,$(dir $*))
# environment
PAM_KWALLET5_LOGIN = /run/user/1000/kwallet5.socket
# environment
MFLAGS = -pqrR
# default
.SHELLFLAGS := -c
# environment
QT_LINUX_ACCESSIBILITY_ALWAYS_ON = 1
# environment
XDG_CONFIG_DIRS = /home/hyper/.config/kdedefaults:/etc/xdg
# automatic
+D = $(patsubst %/,%,$(dir $+))
# environment
XCURSOR_THEME = breeze_cursors
# environment
XDG_SESSION_DESKTOP = KDE
# makefile (from 'Makefile', line 1)
MAKEFILE_LIST := Makefile
# automatic
@F = $(notdir $@)
# environment
VSCODE_PID = 1925
# environment
XDG_SESSION_TYPE = x11
# automatic
?D = $(patsubst %/,%,$(dir $?))
# environment
SESSION_MANAGER = local/jakub-k55vj:@/tmp/.ICE-unix/1060,unix/jakub-k55vj:/tmp/.ICE-unix/1060
# automatic
*F = $(notdir $*)
# environment
CHROME_DESKTOP = code-url-handler.desktop
# environment
DBUS_SESSION_BUS_ADDRESS = unix:path=/run/user/1000/bus
# automatic
<D = $(patsubst %/,%,$(dir $<))
# environment
VSCODE_NLS_CONFIG = {"locale":"pl","availableLanguages":{"*":"pl"},"_languagePackId":"cf3bc3cdc28c5de88f031278e7d77ef8.pl","_translationsConfigFile":"/home/hyper/.config/Code/clp/cf3bc3cdc28c5de88f031278e7d77ef8.pl/tcf.json","_cacheRoot":"/home/hyper/.config/Code/clp/cf3bc3cdc28c5de88f031278e7d77ef8.pl","_resolvedLanguagePackCoreLocation":"/home/hyper/.config/Code/clp/cf3bc3cdc28c5de88f031278e7d77ef8.pl/3b889b090b5ad5793f524b5d1d39fda662b96a2a","_corruptedFile":"/home/hyper/.config/Code/clp/cf3bc3cdc28c5de88f031278e7d77ef8.pl/corrupted.info","_languagePackSupport":true}
# default
MAKE_HOST := x86_64-pc-linux-gnu
# makefile
SHELL = /bin/sh
# default
MAKECMDGOALS := all
# environment
PLATFORMIO_CALLER = vscode
# environment
SHLVL = 1
# makefile (from 'Makefile', line 4)
platforms = "linux/arm/v7,linux/arm64,linux/amd64"
# environment
MAKELEVEL := 0
# default
MAKE = $(MAKE_COMMAND)
# environment
PATH = /home/hyper/.cargo/bin:/home/hyper/.local/bin:/usr/local/sbin:/usr/local/bin:/usr/bin:/usr/lib/jvm/default/bin:/usr/bin/site_perl:/usr/bin/vendor_perl:/usr/bin/core_perl:/var/lib/snapd/snap/bin
# default
MAKEFILES := 
# environment
LANGUAGE = 
# environment
LC_MONETARY = pl_PL.UTF-8
# environment
MOTD_SHOWN = pam
# automatic
^F = $(notdir $^)
# environment
LC_TIME = pl_PL.UTF-8
# environment
LC_TELEPHONE = pl_PL.UTF-8
# automatic
?F = $(notdir $?)
# environment
KDE_APPLICATIONS_AS_SCOPE = 1
# environment
XDG_SEAT = seat0
# environment
NO_PROXY = 127.0.0.1
# environment
XDG_CURRENT_DESKTOP = KDE
# automatic
+F = $(notdir $+)
# environment
XDG_SEAT_PATH = /org/freedesktop/DisplayManager/Seat0
# environment
DESKTOP_SESSION = plasma
# environment
ORIGINAL_XDG_CURRENT_DESKTOP = KDE
# 'override' directive
GNUMAKEFLAGS := 
# environment
LOGNAME = hyper
# environment
PLATFORMIO_PATH = /home/hyper/.platformio/python3/bin:/home/hyper/.cargo/bin:/home/hyper/.local/bin:/usr/local/sbin:/usr/local/bin:/usr/bin:/usr/lib/jvm/default/bin:/usr/bin/site_perl:/usr/bin/vendor_perl:/usr/bin/core_perl:/var/lib/snapd/snap/bin
# environment
XDG_VTNR = 1
# makefile
.DEFAULT_GOAL := build
# environment
SYSTEMD_EXEC_PID = 953
# environment
DISPLAY = :0
# environment
GTK_MODULES = canberra-gtk-module
# environment
USER = hyper
# default
MAKE_VERSION := 4.3
# environment
KDE_SESSION_UID = 1000
# environment
LC_MEASUREMENT = pl_PL.UTF-8
# environment
_ = /usr/bin/make
# environment
LC_PAPER = pl_PL.UTF-8
# environment
XDG_RUNTIME_DIR = /run/user/1000
# environment
XDG_SESSION_CLASS = user
# environment
VSCODE_AMD_ENTRYPOINT = vs/workbench/api/node/extensionHostProcess
# environment
PLATFORMIO_IDE = 2.5.0
# environment
GTK2_RC_FILES = /etc/gtk-2.0/gtkrc:/home/hyper/.gtkrc-2.0:/home/hyper/.config/gtkrc-2.0
# environment
HOME = /home/hyper
# makefile (from 'Makefile', line 2)
cachedir = .cache
# environment
ELECTRON_RUN_AS_NODE = 1
# environment
VSCODE_IPC_HOOK = /run/user/1000/vscode-615db122-1.69.2-main.sock
# environment
XDG_SESSION_ID = 2
# environment
XCURSOR_SIZE = 24
# default
.RECIPEPREFIX := 
# automatic
<F = $(notdir $<)
# default
SUFFIXES := 
# environment
QT_AUTO_SCREEN_SCALE_FACTOR = 0
# environment
VSCODE_CLI = 1
# environment
ELECTRON_NO_ATTACH_CONSOLE = 1
# environment
KDE_SESSION_VERSION = 5
# default
.FEATURES := target-specific order-only second-expansion else-if shortest-stem undefine oneshell nocomment grouped-target extra-prereqs archives jobserver output-sync check-symlink guile load
# environment
KDE_FULL_SESSION = true
# environment
LC_IDENTIFICATION = pl_PL.UTF-8
# variable set hash-table stats:
# Load=110/1024=11%, Rehash=0, Collisions=6/142=4%

# Pattern-specific Variable Values

# No pattern-specific variable values.

# Directories

# . (device 2066, inode 7083150): 18 files, no impossibilities.

# 18 files, no impossibilities in 1 directories.

# Implicit Rules

# No implicit rules.

# Files

clean-minimal:
#  Implicit rule search has not been done.
#  Modification time never checked.
#  File has not been updated.
#  recipe to execute (from 'Makefile', line 52):
	docker rm octoprint_minimal

# Not a target:
Makefile:
#  Implicit rule search has been done.
#  Last modified 2022-07-19 11:24:19.882359749
#  File has been updated.
#  Successfully updated.

up:
#  Implicit rule search has not been done.
#  Modification time never checked.
#  File has not been updated.
#  recipe to execute (from 'Makefile', line 15):
	docker-compose -f test/docker-compose.yml up

e2e:
#  Implicit rule search has not been done.
#  Modification time never checked.
#  File has not been updated.
#  recipe to execute (from 'Makefile', line 38):
	@echo '[buildx]: building with test structures and running e2e tests'
	docker build \
		--secret id=password,src=./test/password.txt \
		--file ./test/Dockerfile \
 
		--progress tty -t octoprint/octoprint:e2e ./test
	docker-compose -f test/e2e-compose.yml up	

clean:
#  Implicit rule search has not been done.
#  Modification time never checked.
#  File has not been updated.
#  recipe to execute (from 'Makefile', line 18):
	docker-compose -f test/docker-compose.yml down --rmi local -v
	rm -rf ${builddir}

test-minimal:
#  Implicit rule search has not been done.
#  Modification time never checked.
#  File has not been updated.
#  recipe to execute (from 'Makefile', line 49):
	docker run -it --name octoprint_minimal -p 55000:5000 octoprint/octoprint:minimal

setup-multi-arch:
#  Implicit rule search has not been done.
#  Modification time never checked.
#  File has not been updated.
#  recipe to execute (from 'Makefile', line 22):
	docker run --privileged --rm tonistiigi/binfmt --install arm64,arm/v7,amd64

# Not a target:
.DEFAULT:
#  Implicit rule search has not been done.
#  Modification time never checked.
#  File has not been updated.

# Not a target:
all:
#  Command line target.
#  Implicit rule search has been done.
#  File does not exist.
#  File has not been updated.

build:
#  Implicit rule search has not been done.
#  Modification time never checked.
#  File has not been updated.
#  recipe to execute (from 'Makefile', line 9):
	docker-compose -f test/docker-compose.yml build

build-minimal:
#  Implicit rule search has not been done.
#  Modification time never checked.
#  File has not been updated.
#  recipe to execute (from 'Makefile', line 46):
	docker build -t octoprint/octoprint:minimal -f minimal/Dockerfile --build-arg octoprint_ref=${octorprint_ref} ./minimal

test:
#  Phony target (prerequisite of .PHONY).
#  Implicit rule search has not been done.
#  File does not exist.
#  File has not been updated.
#  recipe to execute (from 'Makefile', line 25):
	./scripts/buildx_check.sh
	@echo '[buildx]: building .Dockerfile for all supported architectures and caching locally'
	mkdir -p ${cachedir} ${builddir}
	docker buildx build \
		--platform ${platforms} \
		--cache-from type=registry,ref=docker.io/octoprint/octoprint:${octoprint_ref} \
		--cache-from type=local,src=${cachedir} \
		--cache-to type=local,dest=${cachedir} \
		--build-arg octoprint_ref=${octoprint_ref} \
		--output type=local,dest=${builddir} \
		--progress tty -t octoprint/octoprint:test .

.PHONY: test
#  Implicit rule search has not been done.
#  Modification time never checked.
#  File has not been updated.

down:
#  Implicit rule search has not been done.
#  Modification time never checked.
#  File has not been updated.
#  recipe to execute (from 'Makefile', line 12):
	docker-compose -f test/docker-compose.yml down

# files hash-table stats:
# Load=15/1024=1%, Rehash=0, Collisions=1/27=4%
# VPATH Search Paths

# No 'vpath' search paths.

# No general ('VPATH' variable) search path.

# strcache buffers: 1 (0) / strings = 33 / storage = 298 B / avg = 9 B
# current buf: size = 8162 B / used = 298 B / count = 33 / avg = 9 B

# strcache performance: lookups = 50 / hit rate = 34%
# hash-table stats:
# Load=33/8192=0%, Rehash=0, Collisions=0/50=0%
# Finished Make data base on Sun Jul 24 20:14:16 2022

 
